2024-10-21 21:05:07,153 - INFO - Fetching reviews for movie_id: tt10230404
2024-10-21 21:05:10,110 - INFO - Accessed URL: https://www.imdb.com/title/tt10230404/reviews?sort=submissionDate&dir=desc
2024-10-21 21:05:12,195 - INFO - Total reviews found: 348
2024-10-21 21:05:17,322 - INFO - No 'All' button found.
2024-10-21 21:05:21,380 - INFO - Clicked 'Load More' button successfully.
2024-10-21 21:05:25,422 - INFO - Clicked 'Load More' button successfully.
2024-10-21 21:05:29,469 - INFO - Clicked 'Load More' button successfully.
2024-10-21 21:05:33,524 - INFO - Clicked 'Load More' button successfully.
2024-10-21 21:05:37,563 - INFO - Clicked 'Load More' button successfully.
2024-10-21 21:05:41,606 - INFO - Clicked 'Load More' button successfully.
2024-10-21 21:05:45,652 - INFO - Clicked 'Load More' button successfully.
2024-10-21 21:05:49,698 - INFO - Clicked 'Load More' button successfully.
2024-10-21 21:05:53,745 - INFO - Clicked 'Load More' button successfully.
2024-10-21 21:05:57,795 - INFO - Clicked 'Load More' button successfully.
2024-10-21 21:06:01,850 - INFO - Clicked 'Load More' button successfully.
2024-10-21 21:06:05,903 - INFO - Clicked 'Load More' button successfully.
2024-10-21 21:06:09,954 - INFO - Clicked 'Load More' button successfully.
2024-10-21 21:06:15,231 - INFO - No 'Load More' button found.
2024-10-21 21:06:15,231 - INFO - No more 'Load More' buttons found, moving to 'More' button check.
2024-10-21 21:06:20,437 - INFO - No 'More' button found.
2024-10-21 21:06:20,437 - INFO - No 'More' button found, all reviews loaded.
2024-10-21 21:06:41,947 - INFO - Processed 348 reviews for Movie ID: tt10230404, Title: Ghost Stories.
2024-10-21 21:06:41,953 - INFO - Movie tt10230404 has 348/348 reviews
