2024-10-14 13:26:59,896 - INFO - Fetching reviews for movie_id: tt10128846
2024-10-14 13:27:07,921 - INFO - Accessed URL: https://www.imdb.com/title/tt10128846/reviews?sort=submissionDate&dir=desc&ratingFilter=1&rating=1
2024-10-14 13:27:07,951 - INFO - Total reviews found: 54
2024-10-14 13:27:12,019 - INFO - Clicked 'All' button successfully.
2024-10-14 13:27:12,020 - INFO - Clicked 'All' button successfully.
2024-10-14 13:27:12,029 - INFO - Starting to scroll to load all reviews.
2024-10-14 13:27:14,044 - INFO - Reached the bottom of the page, all reviews loaded.
2024-10-14 14:18:37,862 - INFO - Fetching reviews for movie_id: tt10128846
2024-10-14 14:18:46,317 - INFO - Accessed URL: https://www.imdb.com/title/tt10128846/reviews?sort=submissionDate&dir=desc&ratingFilter=1&rating=1
2024-10-14 14:18:48,403 - INFO - Total reviews found: 54
2024-10-14 14:18:53,535 - INFO - No 'All' button found.
2024-10-14 14:18:57,590 - INFO - Clicked 'Load More' button successfully.
2024-10-14 14:19:01,632 - INFO - Clicked 'Load More' button successfully.
2024-10-14 14:19:06,832 - INFO - No 'Load More' button found.
2024-10-14 14:19:06,832 - INFO - No more 'Load More' buttons found, moving to 'More' button check.
2024-10-14 14:19:11,964 - INFO - No 'More' button found.
2024-10-14 14:19:11,965 - INFO - No 'More' button found, all reviews loaded.
2024-10-14 14:19:32,133 - INFO - Processed 54 reviews for Movie ID: tt10128846, Title: Megalopolis.
2024-10-14 14:19:32,133 - INFO - Movie tt10128846 has 54/54 reviews
2024-10-14 14:19:34,455 - INFO - Accessed URL: https://www.imdb.com/title/tt10128846/reviews?sort=submissionDate&dir=desc&ratingFilter=2&rating=2
2024-10-14 14:19:36,517 - INFO - Total reviews found: 28
2024-10-14 14:19:41,622 - INFO - No 'All' button found.
2024-10-14 14:19:45,658 - INFO - Clicked 'Load More' button successfully.
2024-10-14 14:19:50,852 - INFO - No 'Load More' button found.
2024-10-14 14:19:50,852 - INFO - No more 'Load More' buttons found, moving to 'More' button check.
2024-10-14 14:19:55,981 - INFO - No 'More' button found.
2024-10-14 14:19:55,981 - INFO - No 'More' button found, all reviews loaded.
2024-10-14 14:20:16,085 - INFO - Processed 28 reviews for Movie ID: tt10128846, Title: Megalopolis.
2024-10-14 14:20:16,085 - INFO - Movie tt10128846 has 28/28 reviews
2024-10-14 14:20:18,395 - INFO - Accessed URL: https://www.imdb.com/title/tt10128846/reviews?sort=submissionDate&dir=desc&ratingFilter=3&rating=3
2024-10-14 14:20:20,456 - INFO - Total reviews found: 24
2024-10-14 14:20:25,570 - INFO - No 'All' button found.
2024-10-14 14:20:30,685 - INFO - No 'Load More' button found.
2024-10-14 14:20:30,685 - INFO - No more 'Load More' buttons found, moving to 'More' button check.
2024-10-14 14:20:35,813 - INFO - No 'More' button found.
2024-10-14 14:20:35,813 - INFO - No 'More' button found, all reviews loaded.
2024-10-14 14:20:55,923 - INFO - Processed 24 reviews for Movie ID: tt10128846, Title: Megalopolis.
2024-10-14 14:20:55,923 - INFO - Movie tt10128846 has 24/24 reviews
2024-10-14 14:20:58,151 - INFO - Accessed URL: https://www.imdb.com/title/tt10128846/reviews?sort=submissionDate&dir=desc&ratingFilter=4&rating=4
2024-10-14 14:21:00,213 - INFO - Total reviews found: 21
2024-10-14 14:21:05,325 - INFO - No 'All' button found.
2024-10-14 14:21:10,444 - INFO - No 'Load More' button found.
2024-10-14 14:21:10,444 - INFO - No more 'Load More' buttons found, moving to 'More' button check.
2024-10-14 14:21:15,547 - INFO - No 'More' button found.
2024-10-14 14:21:15,547 - INFO - No 'More' button found, all reviews loaded.
2024-10-14 14:21:35,648 - INFO - Processed 21 reviews for Movie ID: tt10128846, Title: Megalopolis.
2024-10-14 14:21:35,648 - INFO - Movie tt10128846 has 21/21 reviews
2024-10-14 14:21:38,688 - INFO - Accessed URL: https://www.imdb.com/title/tt10128846/reviews?sort=submissionDate&dir=desc&ratingFilter=5&rating=5
2024-10-14 14:21:40,742 - INFO - Total reviews found: 36
2024-10-14 14:21:45,858 - INFO - No 'All' button found.
2024-10-14 14:21:49,907 - INFO - Clicked 'Load More' button successfully.
2024-10-14 14:21:55,103 - INFO - No 'Load More' button found.
2024-10-14 14:21:55,103 - INFO - No more 'Load More' buttons found, moving to 'More' button check.
2024-10-14 14:22:00,236 - INFO - No 'More' button found.
2024-10-14 14:22:00,236 - INFO - No 'More' button found, all reviews loaded.
2024-10-14 14:22:20,422 - INFO - Processed 36 reviews for Movie ID: tt10128846, Title: Megalopolis.
2024-10-14 14:22:20,422 - INFO - Movie tt10128846 has 36/36 reviews
2024-10-14 14:22:22,272 - INFO - Accessed URL: https://www.imdb.com/title/tt10128846/reviews?sort=submissionDate&dir=desc&ratingFilter=6&rating=6
2024-10-14 14:22:24,330 - INFO - Total reviews found: 26
2024-10-14 14:22:29,443 - INFO - No 'All' button found.
2024-10-14 14:22:33,486 - INFO - Clicked 'Load More' button successfully.
2024-10-14 14:22:38,676 - INFO - No 'Load More' button found.
2024-10-14 14:22:38,676 - INFO - No more 'Load More' buttons found, moving to 'More' button check.
2024-10-14 14:22:43,798 - INFO - No 'More' button found.
2024-10-14 14:22:43,798 - INFO - No 'More' button found, all reviews loaded.
2024-10-14 14:23:03,899 - INFO - Processed 26 reviews for Movie ID: tt10128846, Title: Megalopolis.
2024-10-14 14:23:03,899 - INFO - Movie tt10128846 has 26/26 reviews
2024-10-14 14:23:06,171 - INFO - Accessed URL: https://www.imdb.com/title/tt10128846/reviews?sort=submissionDate&dir=desc&ratingFilter=7&rating=7
2024-10-14 14:23:08,232 - INFO - Total reviews found: 20
2024-10-14 14:23:13,334 - INFO - No 'All' button found.
2024-10-14 14:23:18,444 - INFO - No 'Load More' button found.
2024-10-14 14:23:18,444 - INFO - No more 'Load More' buttons found, moving to 'More' button check.
2024-10-14 14:23:23,555 - INFO - No 'More' button found.
2024-10-14 14:23:23,555 - INFO - No 'More' button found, all reviews loaded.
2024-10-14 14:23:43,657 - INFO - Processed 20 reviews for Movie ID: tt10128846, Title: Megalopolis.
2024-10-14 14:23:43,657 - INFO - Movie tt10128846 has 20/20 reviews
2024-10-14 14:23:46,275 - INFO - Accessed URL: https://www.imdb.com/title/tt10128846/reviews?sort=submissionDate&dir=desc&ratingFilter=8&rating=8
2024-10-14 14:23:48,334 - INFO - Total reviews found: 15
2024-10-14 14:23:53,441 - INFO - No 'All' button found.
2024-10-14 14:23:58,550 - INFO - No 'Load More' button found.
2024-10-14 14:23:58,551 - INFO - No more 'Load More' buttons found, moving to 'More' button check.
2024-10-14 14:24:03,667 - INFO - No 'More' button found.
2024-10-14 14:24:03,667 - INFO - No 'More' button found, all reviews loaded.
2024-10-14 14:24:23,755 - INFO - Processed 15 reviews for Movie ID: tt10128846, Title: Megalopolis.
2024-10-14 14:24:23,755 - INFO - Movie tt10128846 has 15/15 reviews
2024-10-14 14:24:25,675 - INFO - Accessed URL: https://www.imdb.com/title/tt10128846/reviews?sort=submissionDate&dir=desc&ratingFilter=9&rating=9
2024-10-14 14:24:27,738 - INFO - Total reviews found: 21
2024-10-14 14:24:32,846 - INFO - No 'All' button found.
2024-10-14 14:24:37,972 - INFO - No 'Load More' button found.
2024-10-14 14:24:37,972 - INFO - No more 'Load More' buttons found, moving to 'More' button check.
2024-10-14 14:24:43,089 - INFO - No 'More' button found.
2024-10-14 14:24:43,089 - INFO - No 'More' button found, all reviews loaded.
2024-10-14 14:25:03,196 - INFO - Processed 21 reviews for Movie ID: tt10128846, Title: Megalopolis.
2024-10-14 14:25:03,196 - INFO - Movie tt10128846 has 21/21 reviews
2024-10-14 14:25:05,536 - INFO - Accessed URL: https://www.imdb.com/title/tt10128846/reviews?sort=submissionDate&dir=desc&ratingFilter=10&rating=10
2024-10-14 14:25:07,598 - INFO - Total reviews found: 51
2024-10-14 14:25:12,710 - INFO - No 'All' button found.
2024-10-14 14:25:16,761 - INFO - Clicked 'Load More' button successfully.
2024-10-14 14:25:20,797 - INFO - Clicked 'Load More' button successfully.
2024-10-14 14:25:26,008 - INFO - No 'Load More' button found.
2024-10-14 14:25:26,008 - INFO - No more 'Load More' buttons found, moving to 'More' button check.
2024-10-14 14:25:31,128 - INFO - No 'More' button found.
2024-10-14 14:25:31,128 - INFO - No 'More' button found, all reviews loaded.
2024-10-14 14:25:51,286 - INFO - Processed 51 reviews for Movie ID: tt10128846, Title: Megalopolis.
2024-10-14 14:25:51,286 - INFO - Movie tt10128846 has 51/51 reviews
2024-10-14 14:25:51,286 - INFO - Movie tt10128846 has 296/296 reviews
