2024-10-19 16:38:32,438 - INFO - Fetching reviews for movie_id: tt12964320
2024-10-19 16:38:36,173 - INFO - Accessed URL: https://www.imdb.com/title/tt12964320/reviews?sort=submissionDate&dir=desc
2024-10-19 16:38:36,198 - INFO - Total reviews found: 142
2024-10-19 16:38:40,242 - INFO - Clicked 'All' button successfully.
2024-10-19 16:38:40,243 - INFO - Clicked 'All' button successfully.
2024-10-19 16:38:40,253 - INFO - Starting to scroll to load all reviews.
2024-10-19 16:38:42,271 - INFO - Reached the bottom of the page, all reviews loaded.
2024-10-19 16:39:02,828 - INFO - Processed 142 reviews for Movie ID: tt12964320, Title: Role Play.
2024-10-19 16:39:02,834 - INFO - Movie tt12964320 has 142/142 reviews
2024-10-19 16:51:49,078 - INFO - Fetching reviews for movie_id: tt12964320
2024-10-19 16:51:51,613 - INFO - Accessed URL: https://www.imdb.com/title/tt12964320/reviews?sort=submissionDate&dir=desc
2024-10-19 16:51:53,713 - INFO - Total reviews found: 142
2024-10-19 16:51:58,901 - INFO - No 'All' button found.
2024-10-19 16:52:02,955 - INFO - Clicked 'Load More' button successfully.
2024-10-19 16:52:06,979 - INFO - Clicked 'Load More' button successfully.
2024-10-19 16:52:11,017 - INFO - Clicked 'Load More' button successfully.
2024-10-19 16:52:15,057 - INFO - Clicked 'Load More' button successfully.
2024-10-19 16:52:19,110 - INFO - Clicked 'Load More' button successfully.
2024-10-19 16:52:24,333 - INFO - No 'Load More' button found.
2024-10-19 16:52:24,333 - INFO - No more 'Load More' buttons found, moving to 'More' button check.
2024-10-19 16:52:29,534 - INFO - No 'More' button found.
2024-10-19 16:52:29,534 - INFO - No 'More' button found, all reviews loaded.
2024-10-19 16:52:50,180 - INFO - Processed 142 reviews for Movie ID: tt12964320, Title: Role Play.
2024-10-19 16:52:50,180 - INFO - Movie tt12964320 has 142/142 reviews
2024-10-19 16:55:58,262 - INFO - Fetching reviews for movie_id: tt12964320
2024-10-19 16:56:01,901 - INFO - Accessed URL: https://www.imdb.com/title/tt12964320/reviews?sort=submissionDate&dir=desc
2024-10-19 16:56:01,938 - INFO - Total reviews found: 142
2024-10-19 16:56:05,983 - INFO - Clicked 'All' button successfully.
2024-10-19 16:56:05,983 - INFO - Clicked 'All' button successfully.
2024-10-19 16:56:05,995 - INFO - Starting to scroll to load all reviews.
2024-10-19 16:56:08,018 - INFO - Reached the bottom of the page, all reviews loaded.
2024-10-19 16:56:28,738 - INFO - Processed 142 reviews for Movie ID: tt12964320, Title: Role Play.
2024-10-19 16:56:28,738 - INFO - Movie tt12964320 has 142/142 reviews
