2024-10-19 16:01:40,703 - INFO - Fetching reviews for movie_id: tt15352048
2024-10-19 16:01:48,055 - INFO - Accessed URL: https://www.imdb.com/title/tt15352048/reviews?sort=submissionDate&dir=desc
2024-10-19 16:01:48,080 - INFO - Total reviews found: 3
2024-10-19 16:01:53,246 - INFO - No 'All' button found.
2024-10-19 16:01:58,400 - INFO - No 'Load More' button found.
2024-10-19 16:01:58,400 - INFO - No more 'Load More' buttons found, moving to 'More' button check.
2024-10-19 16:02:03,523 - INFO - No 'More' button found.
2024-10-19 16:02:03,523 - INFO - No 'More' button found, all reviews loaded.
2024-10-19 16:02:23,677 - INFO - Processed 3 reviews for Movie ID: tt15352048, Title: Reloaded 2.
2024-10-19 16:02:23,677 - INFO - Movie tt15352048 has 3/3 reviews
2024-10-19 16:29:38,241 - INFO - Fetching reviews for movie_id: tt15352048
2024-10-19 16:29:40,854 - INFO - Accessed URL: https://www.imdb.com/title/tt15352048/reviews?sort=submissionDate&dir=desc
2024-10-19 16:29:42,942 - INFO - Total reviews found: 3
2024-10-19 16:29:48,075 - INFO - No 'All' button found.
2024-10-19 16:29:53,193 - INFO - No 'Load More' button found.
2024-10-19 16:29:53,193 - INFO - No more 'Load More' buttons found, moving to 'More' button check.
2024-10-19 16:29:58,357 - INFO - No 'More' button found.
2024-10-19 16:29:58,357 - INFO - No 'More' button found, all reviews loaded.
2024-10-19 16:30:18,413 - INFO - Processed 3 reviews for Movie ID: tt15352048, Title: Reloaded 2.
2024-10-19 16:30:18,413 - INFO - Movie tt15352048 has 3/3 reviews
2024-10-21 21:53:14,386 - INFO - Fetching reviews for movie_id: tt15352048
2024-10-21 21:53:17,102 - INFO - Accessed URL: https://www.imdb.com/title/tt15352048/reviews?sort=submissionDate&dir=desc
2024-10-21 21:53:19,188 - INFO - Total reviews found: 3
2024-10-21 21:53:24,266 - INFO - No 'All' button found.
2024-10-21 21:53:29,405 - INFO - No 'Load More' button found.
2024-10-21 21:53:29,405 - INFO - No more 'Load More' buttons found, moving to 'More' button check.
2024-10-21 21:53:34,550 - INFO - No 'More' button found.
2024-10-21 21:53:34,550 - INFO - No 'More' button found, all reviews loaded.
2024-10-21 21:53:54,605 - INFO - Processed 3 reviews for Movie ID: tt15352048, Title: Reloaded 2.
2024-10-21 21:53:54,605 - INFO - Movie tt15352048 has 3/3 reviews
2024-10-22 10:46:19,447 - INFO - Fetching reviews for movie_id: tt15352048
2024-10-22 10:46:22,882 - INFO - Accessed URL: https://www.imdb.com/title/tt15352048/reviews?sort=submissionDate&dir=desc
2024-10-22 10:46:22,919 - INFO - Total reviews found: 3
2024-10-22 10:46:28,077 - INFO - No 'All' button found.
2024-10-22 10:46:33,263 - INFO - No 'Load More' button found.
2024-10-22 10:46:33,264 - INFO - No more 'Load More' buttons found, moving to 'More' button check.
2024-10-22 10:46:38,400 - INFO - No 'More' button found.
2024-10-22 10:46:38,401 - INFO - No 'More' button found, all reviews loaded.
2024-10-22 10:46:58,489 - INFO - Processed 3 reviews for Movie ID: tt15352048, Title: Reloaded 2.
2024-10-22 10:46:58,490 - INFO - Movie tt15352048 has 3/3 reviews
