2024-10-19 15:18:07,868 - INFO - Fetching reviews for movie_id: tt18232550
2024-10-19 15:18:10,202 - INFO - Accessed URL: https://www.imdb.com/title/tt18232550/reviews?sort=submissionDate&dir=desc
2024-10-19 15:18:12,273 - INFO - Total reviews found: 0
2024-10-19 15:18:12,273 - INFO - No reviews found for Movie ID tt18232550
2024-10-19 15:47:14,603 - INFO - Fetching reviews for movie_id: tt18232550
2024-10-19 15:47:21,075 - INFO - Accessed URL: https://www.imdb.com/title/tt18232550/reviews?sort=submissionDate&dir=desc
2024-10-19 15:47:23,166 - INFO - Total reviews found: 0
2024-10-19 15:47:23,166 - INFO - No reviews found for Movie ID tt18232550
2024-10-19 16:00:21,342 - INFO - Fetching reviews for movie_id: tt18232550
2024-10-19 16:00:28,056 - INFO - Accessed URL: https://www.imdb.com/title/tt18232550/reviews?sort=submissionDate&dir=desc
2024-10-19 16:00:30,168 - INFO - Total reviews found: 0
2024-10-19 16:00:30,168 - INFO - No reviews found for Movie ID tt18232550
2024-10-19 16:28:20,414 - INFO - Fetching reviews for movie_id: tt18232550
2024-10-19 16:28:23,365 - INFO - Accessed URL: https://www.imdb.com/title/tt18232550/reviews?sort=submissionDate&dir=desc
2024-10-19 16:28:23,377 - INFO - Total reviews found: 0
2024-10-19 16:28:23,377 - INFO - No reviews found for Movie ID tt18232550
2024-10-21 20:14:54,436 - INFO - Fetching reviews for movie_id: tt18232550
2024-10-21 20:14:56,999 - INFO - Accessed URL: https://www.imdb.com/title/tt18232550/reviews?sort=submissionDate&dir=desc
2024-10-21 20:14:59,084 - INFO - Total reviews found: 0
2024-10-21 20:14:59,085 - INFO - No reviews found for Movie ID tt18232550
2024-10-21 21:21:01,750 - INFO - Fetching reviews for movie_id: tt18232550
2024-10-21 21:21:03,967 - INFO - Accessed URL: https://www.imdb.com/title/tt18232550/reviews?sort=submissionDate&dir=desc
2024-10-21 21:21:06,030 - INFO - Total reviews found: 0
2024-10-21 21:21:06,031 - INFO - No reviews found for Movie ID tt18232550
2024-10-21 21:50:51,407 - INFO - Fetching reviews for movie_id: tt18232550
2024-10-21 21:50:53,969 - INFO - Accessed URL: https://www.imdb.com/title/tt18232550/reviews?sort=submissionDate&dir=desc
2024-10-21 21:50:56,030 - INFO - Total reviews found: 0
2024-10-21 21:50:56,030 - INFO - No reviews found for Movie ID tt18232550
2024-10-22 10:43:36,482 - INFO - Fetching reviews for movie_id: tt18232550
2024-10-22 10:43:38,893 - INFO - Accessed URL: https://www.imdb.com/title/tt18232550/reviews?sort=submissionDate&dir=desc
2024-10-22 10:43:40,976 - INFO - Total reviews found: 0
2024-10-22 10:43:40,977 - INFO - No reviews found for Movie ID tt18232550
2024-10-22 20:55:05,872 - INFO - Fetching reviews for movie_id: tt18232550
2024-10-22 20:55:08,852 - INFO - Accessed URL: https://www.imdb.com/title/tt18232550/reviews/?sort=submission_date%2Cdesc&dir=desc
2024-10-22 20:55:10,944 - INFO - Total reviews found: 0
2024-10-22 20:55:10,946 - INFO - No reviews found for Movie ID tt18232550
