2024-10-21 18:26:52,951 - INFO - Fetching reviews for movie_id: tt18412256
2024-10-21 18:26:55,610 - INFO - Accessed URL: https://www.imdb.com/title/tt18412256/reviews?sort=submissionDate&dir=desc
2024-10-21 18:26:57,693 - INFO - Total reviews found: 1,595
2024-10-21 18:27:02,870 - INFO - No 'All' button found.
2024-10-21 18:27:06,924 - INFO - Clicked 'Load More' button successfully.
2024-10-21 18:27:10,960 - INFO - Clicked 'Load More' button successfully.
2024-10-21 18:27:14,993 - INFO - Clicked 'Load More' button successfully.
2024-10-21 18:27:19,030 - INFO - Clicked 'Load More' button successfully.
2024-10-21 18:27:23,081 - INFO - Clicked 'Load More' button successfully.
2024-10-21 18:27:27,116 - INFO - Clicked 'Load More' button successfully.
2024-10-21 18:27:31,166 - INFO - Clicked 'Load More' button successfully.
2024-10-21 18:27:35,206 - INFO - Clicked 'Load More' button successfully.
2024-10-21 18:27:39,253 - INFO - Clicked 'Load More' button successfully.
2024-10-21 18:27:43,294 - INFO - Clicked 'Load More' button successfully.
2024-10-21 18:27:47,343 - INFO - Clicked 'Load More' button successfully.
2024-10-21 18:27:51,393 - INFO - Clicked 'Load More' button successfully.
2024-10-21 18:27:55,433 - INFO - Clicked 'Load More' button successfully.
2024-10-21 18:27:59,502 - INFO - Clicked 'Load More' button successfully.
2024-10-21 18:28:03,558 - INFO - Clicked 'Load More' button successfully.
2024-10-21 18:28:07,620 - INFO - Clicked 'Load More' button successfully.
2024-10-21 18:28:11,696 - INFO - Clicked 'Load More' button successfully.
2024-10-21 18:28:15,750 - INFO - Clicked 'Load More' button successfully.
2024-10-21 18:28:19,810 - INFO - Clicked 'Load More' button successfully.
2024-10-21 18:28:23,872 - INFO - Clicked 'Load More' button successfully.
2024-10-21 18:28:27,930 - INFO - Clicked 'Load More' button successfully.
2024-10-21 18:28:31,992 - INFO - Clicked 'Load More' button successfully.
2024-10-21 18:28:36,070 - INFO - Clicked 'Load More' button successfully.
2024-10-21 18:28:40,121 - INFO - Clicked 'Load More' button successfully.
2024-10-21 18:28:44,178 - INFO - Clicked 'Load More' button successfully.
2024-10-21 18:28:48,243 - INFO - Clicked 'Load More' button successfully.
2024-10-21 18:28:52,302 - INFO - Clicked 'Load More' button successfully.
2024-10-21 18:28:56,363 - INFO - Clicked 'Load More' button successfully.
2024-10-21 18:29:00,426 - INFO - Clicked 'Load More' button successfully.
2024-10-21 18:29:04,504 - INFO - Clicked 'Load More' button successfully.
2024-10-21 18:29:08,597 - INFO - Clicked 'Load More' button successfully.
2024-10-21 18:29:12,668 - INFO - Clicked 'Load More' button successfully.
2024-10-21 18:29:16,766 - INFO - Clicked 'Load More' button successfully.
2024-10-21 18:29:20,836 - INFO - Clicked 'Load More' button successfully.
2024-10-21 18:29:24,909 - INFO - Clicked 'Load More' button successfully.
2024-10-21 18:29:29,008 - INFO - Clicked 'Load More' button successfully.
2024-10-21 18:29:33,081 - INFO - Clicked 'Load More' button successfully.
2024-10-21 18:29:37,144 - INFO - Clicked 'Load More' button successfully.
2024-10-21 18:29:41,192 - INFO - Clicked 'Load More' button successfully.
2024-10-21 18:29:45,272 - INFO - Clicked 'Load More' button successfully.
2024-10-21 18:29:49,349 - INFO - Clicked 'Load More' button successfully.
2024-10-21 18:29:53,430 - INFO - Clicked 'Load More' button successfully.
2024-10-21 18:29:57,512 - INFO - Clicked 'Load More' button successfully.
2024-10-21 18:30:01,592 - INFO - Clicked 'Load More' button successfully.
2024-10-21 18:30:05,663 - INFO - Clicked 'Load More' button successfully.
2024-10-21 18:30:09,735 - INFO - Clicked 'Load More' button successfully.
2024-10-21 18:30:13,814 - INFO - Clicked 'Load More' button successfully.
2024-10-21 18:30:17,899 - INFO - Clicked 'Load More' button successfully.
2024-10-21 18:30:21,977 - INFO - Clicked 'Load More' button successfully.
2024-10-21 18:30:26,060 - INFO - Clicked 'Load More' button successfully.
2024-10-21 18:30:30,142 - INFO - Clicked 'Load More' button successfully.
2024-10-21 18:30:34,228 - INFO - Clicked 'Load More' button successfully.
2024-10-21 18:30:38,317 - INFO - Clicked 'Load More' button successfully.
2024-10-21 18:30:42,448 - INFO - Clicked 'Load More' button successfully.
2024-10-21 18:30:46,532 - INFO - Clicked 'Load More' button successfully.
2024-10-21 18:30:50,653 - INFO - Clicked 'Load More' button successfully.
2024-10-21 18:30:54,742 - INFO - Clicked 'Load More' button successfully.
2024-10-21 18:30:58,868 - INFO - Clicked 'Load More' button successfully.
2024-10-21 18:31:02,950 - INFO - Clicked 'Load More' button successfully.
2024-10-21 18:31:07,046 - INFO - Clicked 'Load More' button successfully.
2024-10-21 18:31:11,141 - INFO - Clicked 'Load More' button successfully.
2024-10-21 18:31:15,281 - INFO - Clicked 'Load More' button successfully.
2024-10-21 18:31:19,374 - INFO - Clicked 'Load More' button successfully.
2024-10-21 18:31:24,837 - INFO - No 'Load More' button found.
2024-10-21 18:31:24,839 - INFO - No more 'Load More' buttons found, moving to 'More' button check.
2024-10-21 18:31:30,252 - INFO - No 'More' button found.
2024-10-21 18:31:30,254 - INFO - No 'More' button found, all reviews loaded.
2024-10-21 18:31:56,768 - INFO - Processed 1594 reviews for Movie ID: tt18412256, Title: None.
2024-10-21 18:31:56,769 - WARNING - Missing 1 reviews
2024-10-21 18:31:56,769 - INFO - Movie tt18412256 has 1594/1595 reviews
