2024-10-21 21:55:45,984 - INFO - Fetching reviews for movie_id: tt20721318
2024-10-21 21:55:49,516 - INFO - Accessed URL: https://www.imdb.com/title/tt20721318/reviews?sort=submissionDate&dir=desc
2024-10-21 21:55:49,546 - INFO - Total reviews found: 1
2024-10-21 21:55:54,656 - INFO - No 'All' button found.
2024-10-21 21:55:59,774 - INFO - No 'Load More' button found.
2024-10-21 21:55:59,774 - INFO - No more 'Load More' buttons found, moving to 'More' button check.
2024-10-21 21:56:04,886 - INFO - No 'More' button found.
2024-10-21 21:56:04,886 - INFO - No 'More' button found, all reviews loaded.
2024-10-21 21:56:24,985 - INFO - Processed 1 reviews for Movie ID: tt20721318, Title: Son of a Rich 2.
2024-10-21 21:56:24,985 - INFO - Movie tt20721318 has 1/1 reviews
2024-10-22 10:48:47,969 - INFO - Fetching reviews for movie_id: tt20721318
2024-10-22 10:48:52,623 - INFO - Accessed URL: https://www.imdb.com/title/tt20721318/reviews?sort=submissionDate&dir=desc
2024-10-22 10:48:54,728 - INFO - Total reviews found: 1
2024-10-22 10:48:59,926 - INFO - No 'All' button found.
2024-10-22 10:49:05,055 - INFO - No 'Load More' button found.
2024-10-22 10:49:05,056 - INFO - No more 'Load More' buttons found, moving to 'More' button check.
2024-10-22 10:49:10,214 - INFO - No 'More' button found.
2024-10-22 10:49:10,216 - INFO - No 'More' button found, all reviews loaded.
2024-10-22 10:49:30,292 - INFO - Processed 1 reviews for Movie ID: tt20721318, Title: Son of a Rich 2.
2024-10-22 10:49:30,293 - INFO - Movie tt20721318 has 1/1 reviews
