2024-10-19 16:43:44,359 - INFO - Fetching reviews for movie_id: tt23711186
2024-10-19 16:43:47,655 - INFO - Accessed URL: https://www.imdb.com/title/tt23711186/reviews?sort=submissionDate&dir=desc
2024-10-19 16:43:47,684 - INFO - Total reviews found: 3
2024-10-19 16:43:52,831 - INFO - No 'All' button found.
2024-10-19 16:43:58,019 - INFO - No 'Load More' button found.
2024-10-19 16:43:58,019 - INFO - No more 'Load More' buttons found, moving to 'More' button check.
2024-10-19 16:44:03,197 - INFO - No 'More' button found.
2024-10-19 16:44:03,199 - INFO - No 'More' button found, all reviews loaded.
2024-10-19 16:44:23,296 - INFO - Processed 3 reviews for Movie ID: tt23711186, Title: Trinil.
2024-10-19 16:44:23,297 - INFO - Movie tt23711186 has 3/3 reviews
2024-10-19 16:53:02,547 - INFO - Fetching reviews for movie_id: tt23711186
2024-10-19 16:53:05,208 - INFO - Accessed URL: https://www.imdb.com/title/tt23711186/reviews?sort=submissionDate&dir=desc
2024-10-19 16:53:07,284 - INFO - Total reviews found: 3
2024-10-19 16:53:12,478 - INFO - No 'All' button found.
2024-10-19 16:53:17,622 - INFO - No 'Load More' button found.
2024-10-19 16:53:17,622 - INFO - No more 'Load More' buttons found, moving to 'More' button check.
2024-10-19 16:53:22,767 - INFO - No 'More' button found.
2024-10-19 16:53:22,767 - INFO - No 'More' button found, all reviews loaded.
2024-10-19 16:53:42,822 - INFO - Processed 3 reviews for Movie ID: tt23711186, Title: Trinil.
2024-10-19 16:53:42,822 - INFO - Movie tt23711186 has 3/3 reviews
2024-10-19 16:56:41,080 - INFO - Fetching reviews for movie_id: tt23711186
2024-10-19 16:56:44,168 - INFO - Accessed URL: https://www.imdb.com/title/tt23711186/reviews?sort=submissionDate&dir=desc
2024-10-19 16:56:44,187 - INFO - Total reviews found: 3
2024-10-19 16:56:49,368 - INFO - No 'All' button found.
2024-10-19 16:56:54,533 - INFO - No 'Load More' button found.
2024-10-19 16:56:54,534 - INFO - No more 'Load More' buttons found, moving to 'More' button check.
2024-10-19 16:56:59,683 - INFO - No 'More' button found.
2024-10-19 16:56:59,683 - INFO - No 'More' button found, all reviews loaded.
2024-10-19 16:57:19,790 - INFO - Processed 3 reviews for Movie ID: tt23711186, Title: Trinil.
2024-10-19 16:57:19,790 - INFO - Movie tt23711186 has 3/3 reviews
