2024-10-21 21:54:03,893 - INFO - Fetching reviews for movie_id: tt24444596
2024-10-21 21:54:06,612 - INFO - Accessed URL: https://www.imdb.com/title/tt24444596/reviews?sort=submissionDate&dir=desc
2024-10-21 21:54:08,682 - INFO - Total reviews found: 1
2024-10-21 21:54:13,761 - INFO - No 'All' button found.
2024-10-21 21:54:18,864 - INFO - No 'Load More' button found.
2024-10-21 21:54:18,864 - INFO - No more 'Load More' buttons found, moving to 'More' button check.
2024-10-21 21:54:23,984 - INFO - No 'More' button found.
2024-10-21 21:54:23,984 - INFO - No 'More' button found, all reviews loaded.
2024-10-21 21:54:44,053 - INFO - Processed 1 reviews for Movie ID: tt24444596, Title: The Shelter.
2024-10-21 21:54:44,053 - INFO - Movie tt24444596 has 1/1 reviews
2024-10-22 10:47:07,929 - INFO - Fetching reviews for movie_id: tt24444596
2024-10-22 10:47:10,539 - INFO - Accessed URL: https://www.imdb.com/title/tt24444596/reviews?sort=submissionDate&dir=desc
2024-10-22 10:47:12,613 - INFO - Total reviews found: 1
2024-10-22 10:47:17,733 - INFO - No 'All' button found.
2024-10-22 10:47:22,870 - INFO - No 'Load More' button found.
2024-10-22 10:47:22,871 - INFO - No more 'Load More' buttons found, moving to 'More' button check.
2024-10-22 10:47:27,989 - INFO - No 'More' button found.
2024-10-22 10:47:27,989 - INFO - No 'More' button found, all reviews loaded.
2024-10-22 10:47:48,053 - INFO - Processed 1 reviews for Movie ID: tt24444596, Title: The Shelter.
2024-10-22 10:47:48,054 - INFO - Movie tt24444596 has 1/1 reviews
