2024-10-21 21:58:00,295 - INFO - Fetching reviews for movie_id: tt27597949
2024-10-21 21:58:05,731 - INFO - Accessed URL: https://www.imdb.com/title/tt27597949/reviews?sort=submissionDate&dir=desc
2024-10-21 21:58:07,825 - INFO - Total reviews found: 1
2024-10-21 21:58:13,102 - INFO - No 'All' button found.
2024-10-21 21:58:18,313 - INFO - No 'Load More' button found.
2024-10-21 21:58:18,313 - INFO - No more 'Load More' buttons found, moving to 'More' button check.
2024-10-21 21:58:23,428 - INFO - No 'More' button found.
2024-10-21 21:58:23,428 - INFO - No 'More' button found, all reviews loaded.
2024-10-21 21:58:43,491 - INFO - Processed 1 reviews for Movie ID: tt27597949, Title: Succede anche nelle migliori famiglie.
2024-10-21 21:58:43,491 - INFO - Movie tt27597949 has 1/1 reviews
2024-10-22 10:51:08,756 - INFO - Fetching reviews for movie_id: tt27597949
2024-10-22 10:51:11,435 - INFO - Accessed URL: https://www.imdb.com/title/tt27597949/reviews?sort=submissionDate&dir=desc
2024-10-22 10:51:13,513 - INFO - Total reviews found: 1
2024-10-22 10:51:18,702 - INFO - No 'All' button found.
2024-10-22 10:51:23,867 - INFO - No 'Load More' button found.
2024-10-22 10:51:23,868 - INFO - No more 'Load More' buttons found, moving to 'More' button check.
2024-10-22 10:51:29,050 - INFO - No 'More' button found.
2024-10-22 10:51:29,052 - INFO - No 'More' button found, all reviews loaded.
2024-10-22 10:51:49,135 - INFO - Processed 1 reviews for Movie ID: tt27597949, Title: Succede anche nelle migliori famiglie.
2024-10-22 10:51:49,136 - INFO - Movie tt27597949 has 1/1 reviews
