2024-10-19 15:14:16,567 - INFO - Fetching reviews for movie_id: tt27158093
2024-10-19 15:14:19,064 - INFO - Accessed URL: https://www.imdb.com/title/tt27158093/reviews?sort=submissionDate&dir=desc
2024-10-19 15:14:21,147 - INFO - Total reviews found: 25
2024-10-19 15:14:26,353 - INFO - No 'All' button found.
2024-10-19 15:14:31,510 - INFO - No 'Load More' button found.
2024-10-19 15:14:31,510 - INFO - No more 'Load More' buttons found, moving to 'More' button check.
2024-10-19 15:14:36,634 - INFO - No 'More' button found.
2024-10-19 15:14:36,634 - INFO - No 'More' button found, all reviews loaded.
2024-10-19 15:14:56,741 - INFO - Processed 25 reviews for Movie ID: tt27158093, Title: Arthur's Whisky.
2024-10-19 15:14:56,742 - INFO - Movie tt27158093 has 25/25 reviews
2024-10-19 15:28:24,188 - INFO - Fetching reviews for movie_id: tt27158093
2024-10-19 15:28:26,569 - INFO - Accessed URL: https://www.imdb.com/title/tt27158093/reviews?sort=submissionDate&dir=desc
2024-10-19 15:28:28,630 - INFO - Total reviews found: 25
2024-10-19 15:28:33,796 - INFO - No 'All' button found.
2024-10-19 15:28:38,990 - INFO - No 'Load More' button found.
2024-10-19 15:28:38,990 - INFO - No more 'Load More' buttons found, moving to 'More' button check.
2024-10-19 15:28:44,176 - INFO - No 'More' button found.
2024-10-19 15:28:44,176 - INFO - No 'More' button found, all reviews loaded.
2024-10-19 15:29:04,367 - INFO - Processed 25 reviews for Movie ID: tt27158093, Title: Arthur's Whisky.
2024-10-19 15:29:04,367 - INFO - Movie tt27158093 has 25/25 reviews
2024-10-19 15:45:40,793 - INFO - Fetching reviews for movie_id: tt27158093
2024-10-19 15:45:44,554 - INFO - Accessed URL: https://www.imdb.com/title/tt27158093/reviews?sort=submissionDate&dir=desc
2024-10-19 15:45:44,580 - INFO - Total reviews found: 25
2024-10-19 15:45:49,727 - INFO - No 'All' button found.
2024-10-19 15:45:54,891 - INFO - No 'Load More' button found.
2024-10-19 15:45:54,891 - INFO - No more 'Load More' buttons found, moving to 'More' button check.
2024-10-19 15:46:00,098 - INFO - No 'More' button found.
2024-10-19 15:46:00,098 - INFO - No 'More' button found, all reviews loaded.
2024-10-19 15:46:20,415 - INFO - Processed 25 reviews for Movie ID: tt27158093, Title: Arthur's Whisky.
2024-10-19 15:46:20,416 - INFO - Movie tt27158093 has 25/25 reviews
2024-10-19 15:58:46,539 - INFO - Fetching reviews for movie_id: tt27158093
2024-10-19 15:58:50,750 - INFO - Accessed URL: https://www.imdb.com/title/tt27158093/reviews?sort=submissionDate&dir=desc
2024-10-19 15:58:50,757 - INFO - Total reviews found: 25
2024-10-19 15:58:55,920 - INFO - No 'All' button found.
2024-10-19 15:59:01,050 - INFO - No 'Load More' button found.
2024-10-19 15:59:01,050 - INFO - No more 'Load More' buttons found, moving to 'More' button check.
2024-10-19 15:59:06,149 - INFO - No 'More' button found.
2024-10-19 15:59:06,150 - INFO - No 'More' button found, all reviews loaded.
2024-10-19 15:59:26,287 - INFO - Processed 25 reviews for Movie ID: tt27158093, Title: Arthur's Whisky.
2024-10-19 15:59:26,287 - INFO - Movie tt27158093 has 25/25 reviews
2024-10-19 16:26:38,885 - INFO - Fetching reviews for movie_id: tt27158093
2024-10-19 16:26:41,016 - INFO - Accessed URL: https://www.imdb.com/title/tt27158093/reviews?sort=submissionDate&dir=desc
2024-10-19 16:26:43,106 - INFO - Total reviews found: 25
2024-10-19 16:26:48,287 - INFO - No 'All' button found.
2024-10-19 16:26:53,435 - INFO - No 'Load More' button found.
2024-10-19 16:26:53,435 - INFO - No more 'Load More' buttons found, moving to 'More' button check.
2024-10-19 16:26:58,568 - INFO - No 'More' button found.
2024-10-19 16:26:58,568 - INFO - No 'More' button found, all reviews loaded.
2024-10-19 16:27:18,674 - INFO - Processed 25 reviews for Movie ID: tt27158093, Title: Arthur's Whisky.
2024-10-19 16:27:18,674 - INFO - Movie tt27158093 has 25/25 reviews
2024-10-19 16:36:08,649 - INFO - Fetching reviews for movie_id: tt27158093
2024-10-19 16:36:11,392 - INFO - Accessed URL: https://www.imdb.com/title/tt27158093/reviews?sort=submissionDate&dir=desc
2024-10-19 16:36:13,504 - INFO - Total reviews found: 25
2024-10-21 18:55:46,899 - INFO - Fetching reviews for movie_id: tt27158093
2024-10-21 18:55:50,622 - INFO - Accessed URL: https://www.imdb.com/title/tt27158093/reviews?sort=submissionDate&dir=desc
2024-10-21 18:55:50,651 - INFO - Total reviews found: 25
2024-10-21 18:55:55,797 - INFO - No 'All' button found.
2024-10-21 18:56:00,945 - INFO - No 'Load More' button found.
2024-10-21 18:56:00,945 - INFO - No more 'Load More' buttons found, moving to 'More' button check.
2024-10-21 18:56:06,082 - INFO - No 'More' button found.
2024-10-21 18:56:06,082 - INFO - No 'More' button found, all reviews loaded.
2024-10-21 18:56:26,227 - INFO - Processed 25 reviews for Movie ID: tt27158093, Title: Arthur's Whisky.
2024-10-21 18:56:26,227 - INFO - Movie tt27158093 has 25/25 reviews
2024-10-21 20:12:10,161 - INFO - Fetching reviews for movie_id: tt27158093
2024-10-21 20:12:12,808 - INFO - Accessed URL: https://www.imdb.com/title/tt27158093/reviews?sort=submissionDate&dir=desc
2024-10-21 20:12:14,884 - INFO - Total reviews found: 25
2024-10-21 20:12:20,059 - INFO - No 'All' button found.
2024-10-21 20:12:25,228 - INFO - No 'Load More' button found.
2024-10-21 20:12:25,229 - INFO - No more 'Load More' buttons found, moving to 'More' button check.
2024-10-21 20:12:30,424 - INFO - No 'More' button found.
2024-10-21 20:12:30,424 - INFO - No 'More' button found, all reviews loaded.
2024-10-21 20:12:50,526 - INFO - Processed 25 reviews for Movie ID: tt27158093, Title: Arthur's Whisky.
2024-10-21 20:12:50,527 - INFO - Movie tt27158093 has 25/25 reviews
2024-10-21 21:18:38,026 - INFO - Fetching reviews for movie_id: tt27158093
2024-10-21 21:18:41,024 - INFO - Accessed URL: https://www.imdb.com/title/tt27158093/reviews?sort=submissionDate&dir=desc
2024-10-21 21:18:43,103 - INFO - Total reviews found: 25
2024-10-21 21:18:48,212 - INFO - No 'All' button found.
2024-10-21 21:18:53,330 - INFO - No 'Load More' button found.
2024-10-21 21:18:53,330 - INFO - No more 'Load More' buttons found, moving to 'More' button check.
2024-10-21 21:18:58,449 - INFO - No 'More' button found.
2024-10-21 21:18:58,449 - INFO - No 'More' button found, all reviews loaded.
2024-10-21 21:19:18,632 - INFO - Processed 25 reviews for Movie ID: tt27158093, Title: Arthur's Whisky.
2024-10-21 21:19:18,633 - INFO - Movie tt27158093 has 25/25 reviews
2024-10-21 21:48:18,215 - INFO - Fetching reviews for movie_id: tt27158093
2024-10-21 21:48:22,145 - INFO - Accessed URL: https://www.imdb.com/title/tt27158093/reviews?sort=submissionDate&dir=desc
2024-10-21 21:48:22,176 - INFO - Total reviews found: 25
2024-10-21 21:48:27,269 - INFO - No 'All' button found.
2024-10-21 21:48:32,357 - INFO - No 'Load More' button found.
2024-10-21 21:48:32,357 - INFO - No more 'Load More' buttons found, moving to 'More' button check.
2024-10-21 21:48:37,444 - INFO - No 'More' button found.
2024-10-21 21:48:37,444 - INFO - No 'More' button found, all reviews loaded.
2024-10-21 21:48:57,657 - INFO - Processed 25 reviews for Movie ID: tt27158093, Title: Arthur's Whisky.
2024-10-21 21:48:57,657 - INFO - Movie tt27158093 has 25/25 reviews
2024-10-22 10:40:48,563 - INFO - Fetching reviews for movie_id: tt27158093
2024-10-22 10:40:51,424 - INFO - Accessed URL: https://www.imdb.com/title/tt27158093/reviews?sort=submissionDate&dir=desc
2024-10-22 10:40:53,494 - INFO - Total reviews found: 25
2024-10-22 10:40:58,673 - INFO - No 'All' button found.
2024-10-22 10:41:03,853 - INFO - No 'Load More' button found.
2024-10-22 10:41:03,853 - INFO - No more 'Load More' buttons found, moving to 'More' button check.
2024-10-22 10:41:09,025 - INFO - No 'More' button found.
2024-10-22 10:41:09,026 - INFO - No 'More' button found, all reviews loaded.
2024-10-22 10:41:29,249 - INFO - Processed 25 reviews for Movie ID: tt27158093, Title: Arthur's Whisky.
2024-10-22 10:41:29,251 - INFO - Movie tt27158093 has 25/25 reviews
2024-10-22 11:20:06,817 - INFO - Fetching reviews for movie_id: tt27158093
2024-10-22 11:20:09,722 - INFO - Accessed URL: https://www.imdb.com/title/tt27158093/reviews/?sort=submission_date%2Cdesc&dir=desc
2024-10-22 11:20:11,821 - INFO - Total reviews found: 25
2024-10-22 11:20:31,944 - INFO - Processed 25 reviews for Movie ID: tt27158093.
2024-10-22 11:20:31,945 - INFO - Movie tt27158093 has 25/25 reviews
