2024-10-21 22:01:19,204 - INFO - Fetching reviews for movie_id: tt29265463
2024-10-21 22:01:22,519 - INFO - Accessed URL: https://www.imdb.com/title/tt29265463/reviews?sort=submissionDate&dir=desc
2024-10-21 22:01:24,606 - INFO - Total reviews found: 4
2024-10-21 22:01:29,722 - INFO - No 'All' button found.
2024-10-21 22:01:35,041 - INFO - No 'Load More' button found.
2024-10-21 22:01:35,041 - INFO - No more 'Load More' buttons found, moving to 'More' button check.
2024-10-21 22:01:40,237 - INFO - No 'More' button found.
2024-10-21 22:01:40,237 - INFO - No 'More' button found, all reviews loaded.
2024-10-21 22:02:00,317 - INFO - Processed 4 reviews for Movie ID: tt29265463, Title: Emotions of a Murder.
2024-10-21 22:02:00,318 - INFO - Movie tt29265463 has 4/4 reviews
2024-10-22 10:54:17,508 - INFO - Fetching reviews for movie_id: tt29265463
2024-10-22 10:54:19,733 - INFO - Accessed URL: https://www.imdb.com/title/tt29265463/reviews?sort=submissionDate&dir=desc
2024-10-22 10:54:21,821 - INFO - Total reviews found: 4
2024-10-22 10:54:26,945 - INFO - No 'All' button found.
2024-10-22 10:54:32,093 - INFO - No 'Load More' button found.
2024-10-22 10:54:32,094 - INFO - No more 'Load More' buttons found, moving to 'More' button check.
2024-10-22 10:54:37,224 - INFO - No 'More' button found.
2024-10-22 10:54:37,226 - INFO - No 'More' button found, all reviews loaded.
2024-10-22 10:54:57,290 - INFO - Processed 4 reviews for Movie ID: tt29265463, Title: Emotions of a Murder.
2024-10-22 10:54:57,291 - INFO - Movie tt29265463 has 4/4 reviews
