2024-10-21 22:03:52,214 - INFO - Fetching reviews for movie_id: tt30745027
2024-10-21 22:03:55,931 - INFO - Accessed URL: https://www.imdb.com/title/tt30745027/reviews?sort=submissionDate&dir=desc
2024-10-21 22:03:55,964 - INFO - Total reviews found: 1
2024-10-21 22:04:01,064 - INFO - No 'All' button found.
2024-10-21 22:04:06,162 - INFO - No 'Load More' button found.
2024-10-21 22:04:06,162 - INFO - No more 'Load More' buttons found, moving to 'More' button check.
2024-10-21 22:04:11,271 - INFO - No 'More' button found.
2024-10-21 22:04:11,271 - INFO - No 'More' button found, all reviews loaded.
2024-10-21 22:04:31,357 - INFO - Processed 1 reviews for Movie ID: tt30745027, Title: Boney Island Reality Show.
2024-10-21 22:04:31,358 - INFO - Movie tt30745027 has 1/1 reviews
2024-10-22 10:56:52,171 - INFO - Fetching reviews for movie_id: tt30745027
2024-10-22 10:56:54,776 - INFO - Accessed URL: https://www.imdb.com/title/tt30745027/reviews?sort=submissionDate&dir=desc
2024-10-22 10:56:56,857 - INFO - Total reviews found: 1
2024-10-22 10:57:01,994 - INFO - No 'All' button found.
2024-10-22 10:57:07,136 - INFO - No 'Load More' button found.
2024-10-22 10:57:07,137 - INFO - No more 'Load More' buttons found, moving to 'More' button check.
2024-10-22 10:57:12,259 - INFO - No 'More' button found.
2024-10-22 10:57:12,259 - INFO - No 'More' button found, all reviews loaded.
2024-10-22 10:57:32,323 - INFO - Processed 1 reviews for Movie ID: tt30745027, Title: Boney Island Reality Show.
2024-10-22 10:57:32,324 - INFO - Movie tt30745027 has 1/1 reviews
