2024-10-21 21:54:55,128 - INFO - Fetching reviews for movie_id: tt30819137
2024-10-21 21:54:57,762 - INFO - Accessed URL: https://www.imdb.com/title/tt30819137/reviews?sort=submissionDate&dir=desc
2024-10-21 21:54:59,964 - INFO - Total reviews found: 6
2024-10-21 21:55:05,127 - INFO - No 'All' button found.
2024-10-21 21:55:10,220 - INFO - No 'Load More' button found.
2024-10-21 21:55:10,220 - INFO - No more 'Load More' buttons found, moving to 'More' button check.
2024-10-21 21:55:15,323 - INFO - No 'More' button found.
2024-10-21 21:55:15,323 - INFO - No 'More' button found, all reviews loaded.
2024-10-21 21:55:35,424 - INFO - Processed 6 reviews for Movie ID: tt30819137, Title: Bigfoot Evidence: Oregon.
2024-10-21 21:55:35,424 - INFO - Movie tt30819137 has 6/6 reviews
2024-10-22 10:47:58,986 - INFO - Fetching reviews for movie_id: tt30819137
2024-10-22 10:48:02,096 - INFO - Accessed URL: https://www.imdb.com/title/tt30819137/reviews?sort=submissionDate&dir=desc
2024-10-22 10:48:02,123 - INFO - Total reviews found: 6
2024-10-22 10:48:07,279 - INFO - No 'All' button found.
2024-10-22 10:48:12,433 - INFO - No 'Load More' button found.
2024-10-22 10:48:12,433 - INFO - No more 'Load More' buttons found, moving to 'More' button check.
2024-10-22 10:48:17,590 - INFO - No 'More' button found.
2024-10-22 10:48:17,590 - INFO - No 'More' button found, all reviews loaded.
2024-10-22 10:48:37,703 - INFO - Processed 6 reviews for Movie ID: tt30819137, Title: Bigfoot Evidence: Oregon.
2024-10-22 10:48:37,704 - INFO - Movie tt30819137 has 6/6 reviews
