2024-10-19 15:47:33,879 - INFO - Fetching reviews for movie_id: tt30317302
2024-10-19 15:47:41,099 - INFO - Accessed URL: https://www.imdb.com/title/tt30317302/reviews?sort=submissionDate&dir=desc
2024-10-19 15:47:41,115 - INFO - Total reviews found: 16
2024-10-19 15:47:46,253 - INFO - No 'All' button found.
2024-10-19 15:47:51,386 - INFO - No 'Load More' button found.
2024-10-19 15:47:51,386 - INFO - No more 'Load More' buttons found, moving to 'More' button check.
2024-10-19 15:47:56,514 - INFO - No 'More' button found.
2024-10-19 15:47:56,514 - INFO - No 'More' button found, all reviews loaded.
2024-10-19 15:48:16,626 - INFO - Processed 16 reviews for Movie ID: tt30317302, Title: Bitconned.
2024-10-19 15:48:16,626 - INFO - Movie tt30317302 has 16/16 reviews
2024-10-19 16:00:35,792 - INFO - Fetching reviews for movie_id: tt30317302
2024-10-19 16:00:42,884 - INFO - Accessed URL: https://www.imdb.com/title/tt30317302/reviews?sort=submissionDate&dir=desc
2024-10-19 16:00:42,903 - INFO - Total reviews found: 16
2024-10-19 16:00:48,066 - INFO - No 'All' button found.
2024-10-19 16:00:53,214 - INFO - No 'Load More' button found.
2024-10-19 16:00:53,214 - INFO - No more 'Load More' buttons found, moving to 'More' button check.
2024-10-19 16:00:58,359 - INFO - No 'More' button found.
2024-10-19 16:00:58,359 - INFO - No 'More' button found, all reviews loaded.
2024-10-19 16:01:18,498 - INFO - Processed 16 reviews for Movie ID: tt30317302, Title: Bitconned.
2024-10-19 16:01:18,498 - INFO - Movie tt30317302 has 16/16 reviews
2024-10-19 16:28:35,040 - INFO - Fetching reviews for movie_id: tt30317302
2024-10-19 16:28:38,432 - INFO - Accessed URL: https://www.imdb.com/title/tt30317302/reviews?sort=submissionDate&dir=desc
2024-10-19 16:28:38,457 - INFO - Total reviews found: 16
2024-10-19 16:28:43,591 - INFO - No 'All' button found.
2024-10-19 16:28:48,708 - INFO - No 'Load More' button found.
2024-10-19 16:28:48,708 - INFO - No more 'Load More' buttons found, moving to 'More' button check.
2024-10-19 16:28:53,820 - INFO - No 'More' button found.
2024-10-19 16:28:53,820 - INFO - No 'More' button found, all reviews loaded.
2024-10-19 16:29:14,037 - INFO - Processed 16 reviews for Movie ID: tt30317302, Title: Bitconned.
2024-10-19 16:29:14,037 - INFO - Movie tt30317302 has 16/16 reviews
