2024-10-14 14:33:28,435 - INFO - Fetching reviews for movie_id: tt6263850
2024-10-14 14:33:35,649 - INFO - Accessed URL: https://www.imdb.com/title/tt6263850/reviews?sort=submissionDate&dir=desc&ratingFilter=1&rating=1
2024-10-14 14:33:37,759 - INFO - Total reviews found: 132
2024-10-14 14:33:42,888 - INFO - No 'All' button found.
2024-10-14 14:33:46,932 - INFO - Clicked 'Load More' button successfully.
2024-10-14 14:33:50,974 - INFO - Clicked 'Load More' button successfully.
2024-10-14 14:33:55,017 - INFO - Clicked 'Load More' button successfully.
2024-10-14 14:33:59,059 - INFO - Clicked 'Load More' button successfully.
2024-10-14 14:34:03,098 - INFO - Clicked 'Load More' button successfully.
2024-10-14 14:34:08,301 - INFO - No 'Load More' button found.
2024-10-14 14:34:08,301 - INFO - No more 'Load More' buttons found, moving to 'More' button check.
2024-10-14 14:34:13,435 - INFO - No 'More' button found.
2024-10-14 14:34:13,436 - INFO - No 'More' button found, all reviews loaded.
2024-10-14 14:34:33,826 - INFO - Processed 132 reviews for Movie ID: tt6263850, Title: Deadpool & Wolverine.
2024-10-14 14:34:33,827 - INFO - Movie tt6263850 has 132/132 reviews
2024-10-14 14:34:36,582 - INFO - Accessed URL: https://www.imdb.com/title/tt6263850/reviews?sort=submissionDate&dir=desc&ratingFilter=2&rating=2
2024-10-14 14:34:38,643 - INFO - Total reviews found: 55
2024-10-14 14:34:43,751 - INFO - No 'All' button found.
2024-10-14 14:34:47,791 - INFO - Clicked 'Load More' button successfully.
2024-10-14 14:34:51,835 - INFO - Clicked 'Load More' button successfully.
2024-10-14 14:34:57,042 - INFO - No 'Load More' button found.
2024-10-14 14:34:57,042 - INFO - No more 'Load More' buttons found, moving to 'More' button check.
2024-10-14 14:35:02,170 - INFO - No 'More' button found.
2024-10-14 14:35:02,170 - INFO - No 'More' button found, all reviews loaded.
2024-10-14 14:35:22,395 - INFO - Processed 55 reviews for Movie ID: tt6263850, Title: Deadpool & Wolverine.
2024-10-14 14:35:22,395 - INFO - Movie tt6263850 has 55/55 reviews
2024-10-14 14:35:25,091 - INFO - Accessed URL: https://www.imdb.com/title/tt6263850/reviews?sort=submissionDate&dir=desc&ratingFilter=3&rating=3
2024-10-14 14:35:27,141 - INFO - Total reviews found: 60
2024-10-14 14:35:32,267 - INFO - No 'All' button found.
2024-10-14 14:35:36,303 - INFO - Clicked 'Load More' button successfully.
2024-10-14 14:35:40,347 - INFO - Clicked 'Load More' button successfully.
2024-10-14 14:35:41,385 - INFO - No 'Load More' button found.
2024-10-14 14:35:41,386 - INFO - No more 'Load More' buttons found, moving to 'More' button check.
2024-10-14 14:35:41,388 - INFO - No 'More' button found.
2024-10-14 14:35:41,388 - INFO - No 'More' button found, all reviews loaded.
2024-10-21 18:34:49,230 - INFO - Fetching reviews for movie_id: tt6263850
2024-10-21 18:34:52,751 - INFO - Accessed URL: https://www.imdb.com/title/tt6263850/reviews?sort=submissionDate&dir=desc
2024-10-21 18:34:52,776 - INFO - Total reviews found: 1,842
2024-10-21 18:34:56,812 - INFO - Clicked 'All' button successfully.
2024-10-21 18:34:56,813 - INFO - Clicked 'All' button successfully.
2024-10-21 18:34:56,824 - INFO - Starting to scroll to load all reviews.
2024-10-21 18:37:06,803 - INFO - Reached the bottom of the page, all reviews loaded.
2024-10-21 18:37:36,475 - INFO - Processed 1840 reviews for Movie ID: tt6263850, Title: None.
2024-10-21 18:37:36,476 - WARNING - Missing 2 reviews
2024-10-21 18:37:36,476 - INFO - Movie tt6263850 has 1840/1842 reviews
